<?xml version="1.0" encoding="UTF-8"?>
<testng-results ignored="0" total="1" passed="1" failed="0" skipped="0">
  <reporter-output>
  </reporter-output>
  <suite started-at="2020-11-01T02:29:33Z" name="Default suite" finished-at="2020-11-01T02:29:44Z" duration-ms="11665">
    <groups>
    </groups>
    <test started-at="2020-11-01T02:29:33Z" name="Default test" finished-at="2020-11-01T02:29:44Z" duration-ms="11665">
      <class name="testpackage.MavenTest1">
        <test-method is-config="true" signature="beforeTest()[pri:0, instance:testpackage.MavenTest1@3f56875e]" started-at="2020-11-01T02:29:33Z" name="beforeTest" finished-at="2020-11-01T02:29:33Z" duration-ms="7" status="PASS">
          <reporter-output>
          </reporter-output>
        </test-method> <!-- beforeTest -->
        <test-method signature="test()[pri:0, instance:testpackage.MavenTest1@3f56875e]" started-at="2020-11-01T02:29:33Z" name="test" finished-at="2020-11-01T02:29:44Z" duration-ms="11008" status="PASS">
          <reporter-output>
          </reporter-output>
        </test-method> <!-- test -->
        <test-method is-config="true" signature="afterTest()[pri:0, instance:testpackage.MavenTest1@3f56875e]" started-at="2020-11-01T02:29:44Z" name="afterTest" finished-at="2020-11-01T02:29:44Z" duration-ms="633" status="PASS">
          <reporter-output>
          </reporter-output>
        </test-method> <!-- afterTest -->
      </class> <!-- testpackage.MavenTest1 -->
    </test> <!-- Default test -->
  </suite> <!-- Default suite -->
</testng-results>
